<?xml version="1.0" encoding="UTF-8"?>
<!-- Generated by org.testng.reporters.JUnitReportReporter -->
<testsuite name="CampaignTest.CreateCampaignTest" tests="1" time="34.499" ignored="0" failures="0" timestamp="27 Jan 2020 13:47:36 GMT" skipped="0" hostname="Amar" errors="0">
  <testcase name="TestStart" time="34.499" classname="CampaignTest.CreateCampaignTest"/>
</testsuite> <!-- CampaignTest.CreateCampaignTest -->
