<?xml version="1.0" encoding="UTF-8"?>
<!-- Generated by org.testng.reporters.JUnitReportReporter -->
<testsuite name="ContactsTest.CreateContactTest" tests="1" time="42.009" ignored="0" failures="0" timestamp="29 Jan 2020 04:07:44 GMT" skipped="0" hostname="Amar" errors="0">
  <testcase name="testStart" time="42.009" classname="ContactsTest.CreateContactTest"/>
</testsuite> <!-- ContactsTest.CreateContactTest -->
