<?xml version="1.0" encoding="UTF-8"?>
<!-- Generated by org.testng.reporters.JUnitReportReporter -->
<testsuite name="OrganizationTest.CreateOrganizationTest" tests="1" time="37.809" ignored="0" failures="0" timestamp="29 Jan 2020 04:33:14 GMT" skipped="0" hostname="Amar" errors="0">
  <testcase name="TestStart" time="37.809" classname="OrganizationTest.CreateOrganizationTest"/>
</testsuite> <!-- OrganizationTest.CreateOrganizationTest -->
