<?xml version="1.0" encoding="UTF-8"?>
<!-- Generated by org.testng.reporters.JUnitReportReporter -->
<testsuite name="OrganizationTest.CreateOrganizationPhoneTest" tests="1" time="0.000" ignored="0" failures="0" timestamp="27 Jan 2020 13:47:36 GMT" skipped="1" hostname="Amar" errors="0">
  <testcase name="Teststart" time="0.000" classname="OrganizationTest.CreateOrganizationPhoneTest">
    <skipped/>
  </testcase> <!-- Teststart -->
</testsuite> <!-- OrganizationTest.CreateOrganizationPhoneTest -->
