<?xml version="1.0" encoding="UTF-8"?>
<!-- Generated by org.testng.reporters.JUnitReportReporter -->
<testsuite name="base_pac.BaseClass" tests="1" time="7.222" ignored="0" failures="0" timestamp="26 Jan 2020 15:35:51 GMT" skipped="0" hostname="Amar" errors="0">
  <testcase name="sampletest" time="7.222" classname="base_pac.BaseClass"/>
</testsuite> <!-- base_pac.BaseClass -->
