<?xml version="1.0" encoding="UTF-8"?>
<!-- Generated by org.testng.reporters.JUnitReportReporter -->
<testsuite name="ContactsTest.TestContact2" tests="1" time="35.702" ignored="0" failures="0" timestamp="29 Jan 2020 04:18:22 GMT" skipped="0" hostname="Amar" errors="0">
  <testcase name="testStart" time="35.702" classname="ContactsTest.TestContact2"/>
</testsuite> <!-- ContactsTest.TestContact2 -->
