<?xml version="1.0" encoding="UTF-8"?>
<!-- Generated by org.testng.reporters.JUnitReportReporter -->
<testsuite name="CampaignTest.CreateCampaignTest2" tests="1" time="0.004" ignored="0" failures="0" timestamp="27 Jan 2020 13:47:36 GMT" skipped="1" hostname="Amar" errors="0">
  <testcase name="createcamp2" time="0.004" classname="CampaignTest.CreateCampaignTest2">
    <skipped/>
  </testcase> <!-- createcamp2 -->
</testsuite> <!-- CampaignTest.CreateCampaignTest2 -->
