<?xml version="1.0" encoding="UTF-8"?>
<!-- Generated by org.testng.reporters.JUnitReportReporter -->
<testsuite name="ContactsTest.TestContact1" tests="1" time="35.072" ignored="0" failures="0" timestamp="29 Jan 2020 04:33:14 GMT" skipped="0" hostname="Amar" errors="0">
  <testcase name="testStart" time="35.072" classname="ContactsTest.TestContact1"/>
</testsuite> <!-- ContactsTest.TestContact1 -->
