<?xml version="1.0" encoding="UTF-8"?>
<!-- Generated by org.testng.reporters.JUnitReportReporter -->
<testsuite name="CampaignTest.CreateCampaignTest1" tests="1" time="41.339" ignored="0" failures="0" timestamp="29 Jan 2020 04:33:14 GMT" skipped="0" hostname="Amar" errors="0">
  <testcase name="CampCreation1" time="41.339" classname="CampaignTest.CreateCampaignTest1"/>
</testsuite> <!-- CampaignTest.CreateCampaignTest1 -->
